2025-06-20 13:03:23.829 | INFO     | __main__:<module>:68 - Domanda utente: Who is Super Mario?
2025-06-20 13:03:23.829 | INFO     | __main__:<module>:68 - Domanda utente: Who is Super Mario?
2025-06-20 13:03:23.829 | INFO     | __main__:<module>:68 - Domanda utente: Who is Super Mario?
2025-06-20 13:03:23.829 | INFO     | __main__:<module>:68 - Domanda utente: Who is Super Mario?
2025-06-20 13:03:23.829 | INFO     | __main__:<module>:68 - Domanda utente: Who is Super Mario?
2025-06-20 13:03:23.829 | INFO     | __main__:<module>:68 - Domanda utente: Who is Super Mario?
2025-06-26 12:31:43.582 | INFO     | log_config:<module>:4 - Applicazione avviata
2025-06-26 12:31:44.750 | INFO     | etl.blob_upload:get_uploaded_files_metadata:46 - [get_uploaded_files_metadata] Recupero lista file caricati
2025-06-26 12:31:44.841 | ERROR    | etl.blob_upload:get_uploaded_files_metadata:68 - [get_uploaded_files_metadata] Errore nel recupero metadati: relation "raw_uploads" does not exist
LINE 2: ...d, filename, user_id, upload_time, file_hash FROM raw_upload...
                                                             ^

Traceback (most recent call last):
  File "/app/llama3_rag_setup/etl/blob_upload.py", line 50, in get_uploaded_files_metadata
    cur.execute('''
psycopg2.errors.UndefinedTable: relation "raw_uploads" does not exist
LINE 2: ...d, filename, user_id, upload_time, file_hash FROM raw_upload...
                                                             ^


2025-06-26 12:39:36.388 | INFO     | log_config:<module>:4 - Applicazione avviata
2025-06-26 12:39:36.520 | INFO     | etl.blob_upload:ensure_table_exists:28 - [ensure_table_exists] Tabella raw_uploads verificata/creata.
2025-06-26 12:39:38.004 | INFO     | etl.blob_upload:get_uploaded_files_metadata:62 - [get_uploaded_files_metadata] Recupero lista file caricati
2025-06-26 12:39:38.027 | INFO     | etl.blob_upload:get_uploaded_files_metadata:81 - [get_uploaded_files_metadata] Trovati 0 file nel DB
2025-06-26 12:39:51.506 | INFO     | etl.blob_upload:save_file_blob_to_db:37 - [save_file_blob_to_db] Inizio salvataggio file: stock_details_5_years.csv per user: utente1
2025-06-26 12:39:58.162 | INFO     | etl.blob_upload:save_file_blob_to_db:55 - [save_file_blob_to_db] File 'stock_details_5_years.csv' salvato con successo su DB con id 1
2025-06-26 12:39:58.210 | INFO     | etl.blob_upload:get_uploaded_files_metadata:62 - [get_uploaded_files_metadata] Recupero lista file caricati
2025-06-26 12:39:58.233 | INFO     | etl.blob_upload:get_uploaded_files_metadata:81 - [get_uploaded_files_metadata] Trovati 1 file nel DB
2025-06-26 12:40:06.166 | INFO     | etl.blob_upload:save_file_blob_to_db:37 - [save_file_blob_to_db] Inizio salvataggio file: stock_details_5_years.csv per user: utente1
2025-06-26 12:40:20.049 | INFO     | etl.blob_upload:save_file_blob_to_db:55 - [save_file_blob_to_db] File 'stock_details_5_years.csv' salvato con successo su DB con id 2
2025-06-26 12:40:20.102 | INFO     | etl.blob_upload:get_uploaded_files_metadata:62 - [get_uploaded_files_metadata] Recupero lista file caricati
2025-06-26 12:40:20.138 | INFO     | etl.blob_upload:get_uploaded_files_metadata:81 - [get_uploaded_files_metadata] Trovati 2 file nel DB
2025-06-26 12:40:20.142 | INFO     | etl.blob_upload:get_file_blob_by_id:88 - [get_file_blob_by_id] Recupero file con id 1
2025-06-26 12:40:22.659 | INFO     | etl.blob_upload:get_file_blob_by_id:99 - [get_file_blob_by_id] File id 1 recuperato con successo
2025-06-26 13:08:33.806 | INFO     | log_config:<module>:4 - Applicazione avviata
2025-06-26 13:08:33.859 | INFO     | etl.blob_upload:ensure_table_exists:29 - [ensure_table_exists] Tabella raw_uploads verificata/creata.
2025-06-26 13:08:35.024 | INFO     | etl.blob_upload:get_uploaded_files_metadata:63 - [get_uploaded_files_metadata] Recupero lista file caricati
2025-06-26 13:08:35.055 | INFO     | etl.blob_upload:get_uploaded_files_metadata:82 - [get_uploaded_files_metadata] Trovati 2 file nel DB
2025-06-26 13:08:40.665 | INFO     | etl.blob_upload:get_uploaded_files_metadata:63 - [get_uploaded_files_metadata] Recupero lista file caricati
2025-06-26 13:08:40.685 | INFO     | etl.blob_upload:get_uploaded_files_metadata:82 - [get_uploaded_files_metadata] Trovati 2 file nel DB
2025-06-26 13:08:40.688 | INFO     | etl.blob_upload:get_file_blob_by_id:89 - [get_file_blob_by_id] Recupero file con id 2
2025-06-26 13:08:42.277 | INFO     | etl.blob_upload:get_file_blob_by_id:100 - [get_file_blob_by_id] File id 2 recuperato con successo
2025-06-26 13:08:43.046 | ERROR    | etl.blob_upload:get_eda_json_by_id:146 - [get_eda_json_by_id] Errore nel recupero EDA JSON: column "eda_json" does not exist
LINE 1: SELECT eda_json FROM raw_uploads WHERE id = 2;
               ^

Traceback (most recent call last):
  File "/app/llama3_rag_setup/etl/blob_upload.py", line 135, in get_eda_json_by_id
    cur.execute("SELECT eda_json FROM raw_uploads WHERE id = %s;", (upload_id,))
psycopg2.errors.UndefinedColumn: column "eda_json" does not exist
LINE 1: SELECT eda_json FROM raw_uploads WHERE id = 2;
               ^


2025-06-26 13:29:45.433 | INFO     | log_config:<module>:4 - Applicazione avviata
2025-06-26 13:29:45.452 | INFO     | etl.blob_upload:ensure_table_exists:29 - [ensure_table_exists] Tabella raw_uploads verificata/creata.
2025-06-26 13:29:46.047 | INFO     | etl.blob_upload:get_uploaded_files_metadata:63 - [get_uploaded_files_metadata] Recupero lista file caricati
2025-06-26 13:29:46.069 | INFO     | etl.blob_upload:get_uploaded_files_metadata:82 - [get_uploaded_files_metadata] Trovati 2 file nel DB
2025-06-26 13:31:47.376 | INFO     | etl.blob_upload:get_uploaded_files_metadata:63 - [get_uploaded_files_metadata] Recupero lista file caricati
2025-06-26 13:31:47.390 | ERROR    | etl.blob_upload:get_uploaded_files_metadata:85 - [get_uploaded_files_metadata] Errore nel recupero metadati: relation "raw_uploads" does not exist
LINE 2: ...d, filename, user_id, upload_time, file_hash FROM raw_upload...
                                                             ^

Traceback (most recent call last):
  File "/app/llama3_rag_setup/etl/blob_upload.py", line 67, in get_uploaded_files_metadata
    cur.execute('''
psycopg2.errors.UndefinedTable: relation "raw_uploads" does not exist
LINE 2: ...d, filename, user_id, upload_time, file_hash FROM raw_upload...
                                                             ^


2025-06-26 13:32:51.860 | INFO     | log_config:<module>:4 - Applicazione avviata
2025-06-26 13:32:51.927 | INFO     | etl.blob_upload:ensure_table_exists:29 - [ensure_table_exists] Tabella raw_uploads verificata/creata.
2025-06-26 13:32:53.116 | INFO     | etl.blob_upload:get_uploaded_files_metadata:63 - [get_uploaded_files_metadata] Recupero lista file caricati
2025-06-26 13:32:53.144 | INFO     | etl.blob_upload:get_uploaded_files_metadata:82 - [get_uploaded_files_metadata] Trovati 0 file nel DB
2025-06-26 13:33:19.994 | INFO     | etl.blob_upload:save_file_blob_to_db:38 - [save_file_blob_to_db] Inizio salvataggio file: stock_details_5_years.csv per user: utente1
2025-06-26 13:33:31.789 | INFO     | etl.blob_upload:save_file_blob_to_db:56 - [save_file_blob_to_db] File 'stock_details_5_years.csv' salvato con successo su DB con id 1
2025-06-26 13:33:34.178 | INFO     | etl.blob_upload:save_eda_json_to_db:123 - [save_eda_json_to_db] EDA JSON salvato per upload_id 1
2025-06-26 13:33:34.181 | INFO     | etl.blob_upload:get_uploaded_files_metadata:63 - [get_uploaded_files_metadata] Recupero lista file caricati
2025-06-26 13:33:34.206 | INFO     | etl.blob_upload:get_uploaded_files_metadata:82 - [get_uploaded_files_metadata] Trovati 1 file nel DB
2025-06-26 13:33:38.131 | INFO     | etl.blob_upload:save_file_blob_to_db:38 - [save_file_blob_to_db] Inizio salvataggio file: stock_details_5_years.csv per user: utente1
2025-06-26 13:33:45.179 | INFO     | etl.blob_upload:save_file_blob_to_db:56 - [save_file_blob_to_db] File 'stock_details_5_years.csv' salvato con successo su DB con id 2
2025-06-26 13:33:46.202 | INFO     | etl.blob_upload:save_eda_json_to_db:123 - [save_eda_json_to_db] EDA JSON salvato per upload_id 2
2025-06-26 13:33:46.204 | INFO     | etl.blob_upload:get_uploaded_files_metadata:63 - [get_uploaded_files_metadata] Recupero lista file caricati
2025-06-26 13:33:46.218 | INFO     | etl.blob_upload:get_uploaded_files_metadata:82 - [get_uploaded_files_metadata] Trovati 2 file nel DB
2025-06-26 13:33:46.221 | INFO     | etl.blob_upload:get_file_blob_by_id:89 - [get_file_blob_by_id] Recupero file con id 1
2025-06-26 13:33:47.495 | INFO     | etl.blob_upload:get_file_blob_by_id:100 - [get_file_blob_by_id] File id 1 recuperato con successo
2025-06-26 13:33:48.168 | INFO     | etl.blob_upload:get_eda_json_by_id:140 - [get_eda_json_by_id] EDA JSON recuperato per upload_id 1
2025-06-26 13:43:13.563 | INFO     | log_config:<module>:4 - Applicazione avviata
2025-06-26 13:43:13.613 | INFO     | etl.blob_upload:ensure_table_exists:29 - [ensure_table_exists] Tabella raw_uploads verificata/creata.
2025-06-26 13:43:15.117 | INFO     | etl.blob_upload:get_uploaded_files_metadata:63 - [get_uploaded_files_metadata] Recupero lista file caricati
2025-06-26 13:43:15.169 | INFO     | etl.blob_upload:get_uploaded_files_metadata:82 - [get_uploaded_files_metadata] Trovati 2 file nel DB
2025-06-26 13:43:29.502 | INFO     | etl.blob_upload:get_uploaded_files_metadata:63 - [get_uploaded_files_metadata] Recupero lista file caricati
2025-06-26 13:43:29.517 | INFO     | etl.blob_upload:get_uploaded_files_metadata:82 - [get_uploaded_files_metadata] Trovati 2 file nel DB
2025-06-26 13:43:29.520 | INFO     | etl.blob_upload:get_file_blob_by_id:89 - [get_file_blob_by_id] Recupero file con id 2
2025-06-26 13:43:31.184 | INFO     | etl.blob_upload:get_file_blob_by_id:100 - [get_file_blob_by_id] File id 2 recuperato con successo
2025-06-26 13:43:32.050 | INFO     | etl.blob_upload:get_eda_json_by_id:140 - [get_eda_json_by_id] EDA JSON recuperato per upload_id 2
2025-06-26 13:44:03.915 | INFO     | etl.blob_upload:get_uploaded_files_metadata:63 - [get_uploaded_files_metadata] Recupero lista file caricati
2025-06-26 13:44:03.927 | INFO     | etl.blob_upload:get_uploaded_files_metadata:82 - [get_uploaded_files_metadata] Trovati 2 file nel DB
2025-06-26 13:44:03.931 | INFO     | etl.blob_upload:get_file_blob_by_id:89 - [get_file_blob_by_id] Recupero file con id 1
2025-06-26 13:44:05.693 | INFO     | etl.blob_upload:get_file_blob_by_id:100 - [get_file_blob_by_id] File id 1 recuperato con successo
2025-06-26 13:44:06.930 | INFO     | etl.blob_upload:get_eda_json_by_id:140 - [get_eda_json_by_id] EDA JSON recuperato per upload_id 1
2025-06-26 13:50:05.879 | INFO     | log_config:<module>:4 - Applicazione avviata
2025-06-26 13:50:05.933 | INFO     | etl.blob_upload:ensure_table_exists:29 - [ensure_table_exists] Tabella raw_uploads verificata/creata.
2025-06-26 13:50:07.343 | INFO     | etl.blob_upload:get_uploaded_files_metadata:63 - [get_uploaded_files_metadata] Recupero lista file caricati
2025-06-26 13:50:07.395 | INFO     | etl.blob_upload:get_uploaded_files_metadata:82 - [get_uploaded_files_metadata] Trovati 2 file nel DB
2025-06-26 13:50:10.527 | INFO     | etl.blob_upload:get_uploaded_files_metadata:63 - [get_uploaded_files_metadata] Recupero lista file caricati
2025-06-26 13:50:10.539 | INFO     | etl.blob_upload:get_uploaded_files_metadata:82 - [get_uploaded_files_metadata] Trovati 2 file nel DB
2025-06-26 13:50:10.540 | INFO     | etl.blob_upload:get_file_blob_by_id:89 - [get_file_blob_by_id] Recupero file con id 2
2025-06-26 13:50:12.592 | INFO     | etl.blob_upload:get_file_blob_by_id:100 - [get_file_blob_by_id] File id 2 recuperato con successo
2025-06-26 13:50:13.287 | INFO     | etl.blob_upload:get_eda_json_by_id:140 - [get_eda_json_by_id] EDA JSON recuperato per upload_id 2
2025-06-26 13:56:33.073 | INFO     | log_config:<module>:4 - Applicazione avviata
2025-06-26 13:56:33.148 | INFO     | etl.blob_upload:ensure_table_exists:29 - [ensure_table_exists] Tabella raw_uploads verificata/creata.
2025-06-26 13:56:34.822 | INFO     | etl.blob_upload:get_uploaded_files_metadata:63 - [get_uploaded_files_metadata] Recupero lista file caricati
2025-06-26 13:56:34.867 | INFO     | etl.blob_upload:get_uploaded_files_metadata:82 - [get_uploaded_files_metadata] Trovati 2 file nel DB
2025-06-26 13:56:46.590 | INFO     | etl.blob_upload:get_uploaded_files_metadata:63 - [get_uploaded_files_metadata] Recupero lista file caricati
2025-06-26 13:56:46.612 | INFO     | etl.blob_upload:get_uploaded_files_metadata:82 - [get_uploaded_files_metadata] Trovati 2 file nel DB
2025-06-26 13:56:46.615 | INFO     | etl.blob_upload:get_file_blob_by_id:89 - [get_file_blob_by_id] Recupero file con id 2
2025-06-26 13:56:48.892 | INFO     | etl.blob_upload:get_file_blob_by_id:100 - [get_file_blob_by_id] File id 2 recuperato con successo
2025-06-26 13:56:49.629 | INFO     | etl.blob_upload:get_eda_json_by_id:140 - [get_eda_json_by_id] EDA JSON recuperato per upload_id 2
2025-06-26 13:56:55.289 | INFO     | etl.blob_upload:get_uploaded_files_metadata:63 - [get_uploaded_files_metadata] Recupero lista file caricati
2025-06-26 13:56:55.308 | INFO     | etl.blob_upload:get_uploaded_files_metadata:82 - [get_uploaded_files_metadata] Trovati 2 file nel DB
2025-06-26 13:56:55.312 | INFO     | etl.blob_upload:get_file_blob_by_id:89 - [get_file_blob_by_id] Recupero file con id 1
2025-06-26 13:56:57.580 | INFO     | etl.blob_upload:get_file_blob_by_id:100 - [get_file_blob_by_id] File id 1 recuperato con successo
2025-06-26 13:56:58.291 | INFO     | etl.blob_upload:get_eda_json_by_id:140 - [get_eda_json_by_id] EDA JSON recuperato per upload_id 1
2025-06-26 14:01:43.763 | INFO     | etl.blob_upload:get_uploaded_files_metadata:63 - [get_uploaded_files_metadata] Recupero lista file caricati
2025-06-26 14:01:43.898 | INFO     | etl.blob_upload:get_uploaded_files_metadata:82 - [get_uploaded_files_metadata] Trovati 2 file nel DB
2025-06-26 14:01:47.557 | INFO     | etl.blob_upload:get_uploaded_files_metadata:63 - [get_uploaded_files_metadata] Recupero lista file caricati
2025-06-26 14:01:47.567 | INFO     | etl.blob_upload:get_uploaded_files_metadata:82 - [get_uploaded_files_metadata] Trovati 2 file nel DB
2025-06-26 14:01:47.569 | INFO     | etl.blob_upload:get_file_blob_by_id:89 - [get_file_blob_by_id] Recupero file con id 1
2025-06-26 14:01:48.954 | INFO     | etl.blob_upload:get_file_blob_by_id:100 - [get_file_blob_by_id] File id 1 recuperato con successo
2025-06-26 14:01:50.159 | INFO     | etl.blob_upload:get_eda_json_by_id:140 - [get_eda_json_by_id] EDA JSON recuperato per upload_id 1
2025-06-26 14:33:24.309 | INFO     | log_config:<module>:4 - Applicazione avviata
2025-06-26 14:33:24.351 | INFO     | etl.blob_upload:ensure_table_exists:29 - [ensure_table_exists] Tabella raw_uploads verificata/creata.
2025-06-26 14:33:25.092 | INFO     | etl.blob_upload:get_uploaded_files_metadata:63 - [get_uploaded_files_metadata] Recupero lista file caricati
2025-06-26 14:33:25.141 | INFO     | etl.blob_upload:get_uploaded_files_metadata:82 - [get_uploaded_files_metadata] Trovati 2 file nel DB
2025-06-26 14:33:28.048 | INFO     | etl.blob_upload:get_uploaded_files_metadata:63 - [get_uploaded_files_metadata] Recupero lista file caricati
2025-06-26 14:33:28.064 | INFO     | etl.blob_upload:get_uploaded_files_metadata:82 - [get_uploaded_files_metadata] Trovati 2 file nel DB
2025-06-26 14:33:28.066 | INFO     | etl.blob_upload:get_file_blob_by_id:89 - [get_file_blob_by_id] Recupero file con id 2
2025-06-26 14:33:29.689 | INFO     | etl.blob_upload:get_file_blob_by_id:100 - [get_file_blob_by_id] File id 2 recuperato con successo
2025-06-26 14:33:30.446 | INFO     | etl.blob_upload:get_eda_json_by_id:140 - [get_eda_json_by_id] EDA JSON recuperato per upload_id 2
2025-06-26 14:54:00.462 | INFO     | log_config:<module>:4 - Applicazione avviata
2025-06-26 14:54:00.807 | INFO     | etl.blob_upload:ensure_table_exists:29 - [ensure_table_exists] Tabella raw_uploads verificata/creata.
2025-06-26 14:54:05.766 | INFO     | etl.blob_upload:get_uploaded_files_metadata:63 - [get_uploaded_files_metadata] Recupero lista file caricati
2025-06-26 14:54:05.846 | INFO     | etl.blob_upload:get_uploaded_files_metadata:82 - [get_uploaded_files_metadata] Trovati 0 file nel DB
